{"level":"info","message":"GET /api/decorate/1"}
{"level":"info","message":"GET /api/decorate/1"}
{"level":"info","message":"GET /api/decorate/1"}
{"level":"info","message":"POST /api/decorate"}
{"level":"info","message":"POST /api/decorate"}
{"level":"info","message":"POST /api/decorate"}
{"level":"info","message":"POST /api/decorate"}
{"level":"info","message":"POST /api/decorate"}
{"level":"info","message":"POST /api/decorate"}
{"level":"info","message":"POST /api/decorate"}
{"level":"info","message":"POST /api/decorate"}
{"level":"info","message":"POST /api/decorate"}
{"level":"info","message":"POST /api/decorate"}
{"level":"info","message":"POST /api/decorate"}
{"level":"info","message":"POST /api/decorate"}
{"level":"info","message":"POST /api/decorate"}
{"level":"info","message":"POST /api/decorate"}
{"level":"info","message":"POST /api/decorate"}
{"level":"info","message":"POST /api/decorate"}
{"level":"info","message":"POST /api/decorate"}
{"level":"info","message":"POST /api/decorate"}
{"level":"info","message":"GET /api/decorate/1"}
{"level":"info","message":"GET /api/decorate/9"}
{"level":"info","message":"GET /api/decorate/9"}
{"level":"info","message":"GET /api/decorate/90"}
{"level":"info","message":"GET /api/decorate/9"}
{"level":"info","message":"POST /api/decorate/9"}
{"level":"info","message":"POST /api/decorate/9"}
{"level":"info","message":"POST /api/decorate"}
{"level":"info","message":"POST /api/decorate"}
{"level":"info","message":"POST /api/decorate"}
{"level":"info","message":"POST /api/decorate"}
{"level":"info","message":"PUT /api/decorate"}
{"level":"info","message":"PUT /api/list/0"}
{"level":"info","message":"GET /api/list/0"}
{"level":"info","message":"GET /api/list/0"}
{"level":"info","message":"GET /api/list/0"}
{"level":"info","message":"GET /api/list/0"}
{"level":"info","message":"GET /api/list/12"}
{"level":"info","message":"GET /api/list/12"}
{"level":"info","message":"GET /api/decorate/list/12"}
{"level":"info","message":"GET /api/decorate/list/12"}
{"level":"info","message":"GET /api/decorate/list/0"}
{"level":"info","message":"GET /api/decorate/list/0"}
{"level":"info","message":"GET /api/decorate/list/0"}
{"level":"info","message":"GET /api/decorate/list/10"}
{"level":"info","message":"GET /api/decorate/list/10"}
{"level":"info","message":"GET /api/decorate/list/0"}
{"level":"info","message":"POST /api/decorate"}
{"level":"info","message":"POST /api/decorate"}
{"level":"info","message":"POST /api/decorate"}
{"level":"info","message":"GET /api/decorate/list/0"}
{"level":"info","message":"POST /api/decorate"}
{"level":"info","message":"POST /api/decorate"}
{"level":"info","message":"POST /api/decorate"}
{"level":"info","message":"GET /api/decorate/15"}
{"level":"info","message":"GET /api/decorate/15"}
{"level":"info","message":"GET /api/decorate/15"}
{"level":"info","message":"GET /api/decorate/0"}
{"level":"info","message":"GET /api/decorate/0"}
{"level":"info","message":"GET /api/decorate/0"}
{"level":"info","message":"POST /api/decorate"}
{"level":"info","message":"GET /api/decorate"}
{"level":"info","message":"GET /api/decorate/16"}
